<?xml version="1.0" encoding="UTF-8"?>
<!-- Generated by org.testng.reporters.JUnitXMLReporter -->
<testsuite ignored="0" hostname="DESKTOP-4QAJST1" failures="4" tests="5" name="Test" time="128.305" errors="0" timestamp="2022-08-07T10:51:47 IST">
  <testcase classname="APTEnterprise.UIAutomation.BasicTest2" name="basicSteps21" time="0.158">
    <failure type="java.lang.AssertionError" message="expected [FIS Investment Risk Hub22] but found [Online Shopping site in India: Shop Online for Mobiles, Books, Watches, Shoes and More - Amazon.in]">
      <![CDATA[java.lang.AssertionError: expected [FIS Investment Risk Hub22] but found [Online Shopping site in India: Shop Online for Mobiles, Books, Watches, Shoes and More - Amazon.in]
at APTEnterprise.UIAutomation.BasicTest2.basicSteps21(BasicTest2.java:48)
at java.base/java.util.ArrayList.forEach(ArrayList.java:1541)
... Removed 33 stack frames]]>
    </failure>
  </testcase> <!-- basicSteps21 -->
  <testcase classname="APTEnterprise.UIAutomation.BasicTest2" name="basicSteps22" time="0.016">
    <failure type="java.lang.AssertionError" message="expected [FIS Investment Risk Hub] but found [Online Shopping site in India: Shop Online for Mobiles, Books, Watches, Shoes and More - Amazon.in]">
      <![CDATA[java.lang.AssertionError: expected [FIS Investment Risk Hub] but found [Online Shopping site in India: Shop Online for Mobiles, Books, Watches, Shoes and More - Amazon.in]
at APTEnterprise.UIAutomation.BasicTest2.basicSteps22(BasicTest2.java:55)
at java.base/java.util.ArrayList.forEach(ArrayList.java:1541)
... Removed 33 stack frames]]>
    </failure>
  </testcase> <!-- basicSteps22 -->
  <testcase classname="APTEnterprise.UIAutomation.BasicTest" name="basicSteps11" time="0.039">
    <failure type="java.lang.AssertionError" message="expected [Online shopping] but found [Online Shopping site in India: Shop Online for Mobiles, Books, Watches, Shoes and More - Amazon.in]">
      <![CDATA[java.lang.AssertionError: expected [Online shopping] but found [Online Shopping site in India: Shop Online for Mobiles, Books, Watches, Shoes and More - Amazon.in]
at APTEnterprise.UIAutomation.BasicTest.basicSteps11(BasicTest.java:48)
at java.base/java.util.ArrayList.forEach(ArrayList.java:1541)
... Removed 33 stack frames]]>
    </failure>
  </testcase> <!-- basicSteps11 -->
  <testcase classname="APTEnterprise.UIAutomation.BasicTest" name="basicSteps12" time="0.011">
    <failure type="java.lang.AssertionError" message="expected [FIS Investment Risk Hub11] but found [Online Shopping site in India: Shop Online for Mobiles, Books, Watches, Shoes and More - Amazon.in]">
      <![CDATA[java.lang.AssertionError: expected [FIS Investment Risk Hub11] but found [Online Shopping site in India: Shop Online for Mobiles, Books, Watches, Shoes and More - Amazon.in]
at APTEnterprise.UIAutomation.BasicTest.basicSteps12(BasicTest.java:61)
at java.base/java.util.ArrayList.forEach(ArrayList.java:1541)
... Removed 33 stack frames]]>
    </failure>
  </testcase> <!-- basicSteps12 -->
  <testcase classname="APTEnterprise.UIAutomation.BasicTest" name="genericFunctionsTest" time="2.014"/>
</testsuite> <!-- Test -->
